This is pdfTeX, Version 3.141592653-2.6-1.40.27 (MiKTeX 25.3) (preloaded format=pdflatex 2025.3.26)  12 FEB 2026 14:40
entering extended mode
 restricted \write18 enabled.
 file:line:error style messages enabled.
 %&-line parsing enabled.
**"c:/Users/DELL/Desktop/Smart Smart Assistant System for Children with Autism/Chapter1.tex"
(c:/Users/DELL/Desktop/Smart Smart Assistant System for Children with Autism/Chapter1.tex
LaTeX2e <2024-11-01> patch level 2
L3 programming layer <2025-01-18>
(C:\Users\DELL\AppData\Local\Programs\MiKTeX\tex/latex/base\report.cls
Document Class: report 2024/06/29 v1.4n Standard LaTeX document class
(C:\Users\DELL\AppData\Local\Programs\MiKTeX\tex/latex/base\size12.clo
File: size12.clo 2024/06/29 v1.4n Standard LaTeX file (size option)
)
\c@part=\count196
\c@chapter=\count197
\c@section=\count198
\c@subsection=\count199
\c@subsubsection=\count266
\c@paragraph=\count267
\c@subparagraph=\count268
\c@figure=\count269
\c@table=\count270
\abovecaptionskip=\skip49
\belowcaptionskip=\skip50
\bibindent=\dimen141
) (C:\Users\DELL\AppData\Local\Programs\MiKTeX\tex/latex/geometry\geometry.sty
Package: geometry 2020/01/02 v5.9 Page Geometry
 (C:\Users\DELL\AppData\Local\Programs\MiKTeX\tex/latex/graphics\keyval.sty
Package: keyval 2022/05/29 v1.15 key=value parser (DPC)
\KV@toks@=\toks17
) (C:\Users\DELL\AppData\Local\Programs\MiKTeX\tex/generic/iftex\ifvtex.sty
Package: ifvtex 2019/10/25 v1.7 ifvtex legacy package. Use iftex instead.
 (C:\Users\DELL\AppData\Local\Programs\MiKTeX\tex/generic/iftex\iftex.sty
Package: iftex 2024/12/12 v1.0g TeX engine tests
))
\Gm@cnth=\count271
\Gm@cntv=\count272
\c@Gm@tempcnt=\count273
\Gm@bindingoffset=\dimen142
\Gm@wd@mp=\dimen143
\Gm@odd@mp=\dimen144
\Gm@even@mp=\dimen145
\Gm@layoutwidth=\dimen146
\Gm@layoutheight=\dimen147
\Gm@layouthoffset=\dimen148
\Gm@layoutvoffset=\dimen149
\Gm@dimlist=\toks18
 (C:\Users\DELL\AppData\Local\Programs\MiKTeX\tex/latex/geometry\geometry.cfg)) (C:\Users\DELL\AppData\Local\Programs\MiKTeX\tex/latex/graphics\graphicx.sty
Package: graphicx 2021/09/16 v1.2d Enhanced LaTeX Graphics (DPC,SPQR)
 (C:\Users\DELL\AppData\Local\Programs\MiKTeX\tex/latex/graphics\graphics.sty
Package: graphics 2024/08/06 v1.4g Standard LaTeX Graphics (DPC,SPQR)
 (C:\Users\DELL\AppData\Local\Programs\MiKTeX\tex/latex/graphics\trig.sty
Package: trig 2023/12/02 v1.11 sin cos tan (DPC)
) (C:\Users\DELL\AppData\Local\Programs\MiKTeX\tex/latex/graphics-cfg\graphics.cfg
File: graphics.cfg 2016/06/04 v1.11 sample graphics configuration
)
Package graphics Info: Driver file: pdftex.def on input line 106.
 (C:\Users\DELL\AppData\Local\Programs\MiKTeX\tex/latex/graphics-def\pdftex.def
File: pdftex.def 2024/04/13 v1.2c Graphics/color driver for pdftex
))
\Gin@req@height=\dimen150
\Gin@req@width=\dimen151
) (C:\Users\DELL\AppData\Local\Programs\MiKTeX\tex/latex/amsmath\amsmath.sty
Package: amsmath 2024/11/05 v2.17t AMS math features
\@mathmargin=\skip51

For additional information on amsmath, use the `?' option.
(C:\Users\DELL\AppData\Local\Programs\MiKTeX\tex/latex/amsmath\amstext.sty
Package: amstext 2021/08/26 v2.01 AMS text
 (C:\Users\DELL\AppData\Local\Programs\MiKTeX\tex/latex/amsmath\amsgen.sty
File: amsgen.sty 1999/11/30 v2.0 generic functions
\@emptytoks=\toks19
\ex@=\dimen152
)) (C:\Users\DELL\AppData\Local\Programs\MiKTeX\tex/latex/amsmath\amsbsy.sty
Package: amsbsy 1999/11/29 v1.2d Bold Symbols
\pmbraise@=\dimen153
) (C:\Users\DELL\AppData\Local\Programs\MiKTeX\tex/latex/amsmath\amsopn.sty
Package: amsopn 2022/04/08 v2.04 operator names
)
\inf@bad=\count274
LaTeX Info: Redefining \frac on input line 233.
\uproot@=\count275
\leftroot@=\count276
LaTeX Info: Redefining \overline on input line 398.
LaTeX Info: Redefining \colon on input line 409.
\classnum@=\count277
\DOTSCASE@=\count278
LaTeX Info: Redefining \ldots on input line 495.
LaTeX Info: Redefining \dots on input line 498.
LaTeX Info: Redefining \cdots on input line 619.
\Mathstrutbox@=\box52
\strutbox@=\box53
LaTeX Info: Redefining \big on input line 721.
LaTeX Info: Redefining \Big on input line 722.
LaTeX Info: Redefining \bigg on input line 723.
LaTeX Info: Redefining \Bigg on input line 724.
\big@size=\dimen154
LaTeX Font Info:    Redeclaring font encoding OML on input line 742.
LaTeX Font Info:    Redeclaring font encoding OMS on input line 743.
\macc@depth=\count279
LaTeX Info: Redefining \bmod on input line 904.
LaTeX Info: Redefining \pmod on input line 909.
LaTeX Info: Redefining \smash on input line 939.
LaTeX Info: Redefining \relbar on input line 969.
LaTeX Info: Redefining \Relbar on input line 970.
\c@MaxMatrixCols=\count280
\dotsspace@=\muskip17
\c@parentequation=\count281
\dspbrk@lvl=\count282
\tag@help=\toks20
\row@=\count283
\column@=\count284
\maxfields@=\count285
\andhelp@=\toks21
\eqnshift@=\dimen155
\alignsep@=\dimen156
\tagshift@=\dimen157
\tagwidth@=\dimen158
\totwidth@=\dimen159
\lineht@=\dimen160
\@envbody=\toks22
\multlinegap=\skip52
\multlinetaggap=\skip53
\mathdisplay@stack=\toks23
LaTeX Info: Redefining \[ on input line 2953.
LaTeX Info: Redefining \] on input line 2954.
) (C:\Users\DELL\AppData\Local\Programs\MiKTeX\tex/latex/caption\subcaption.sty
Package: subcaption 2023/07/28 v1.6b Sub-captions (AR)
 (C:\Users\DELL\AppData\Local\Programs\MiKTeX\tex/latex/caption\caption.sty
Package: caption 2023/08/05 v3.6o Customizing captions (AR)
 (C:\Users\DELL\AppData\Local\Programs\MiKTeX\tex/latex/caption\caption3.sty
Package: caption3 2023/07/31 v2.4d caption3 kernel (AR)
\caption@tempdima=\dimen161
\captionmargin=\dimen162
\caption@leftmargin=\dimen163
\caption@rightmargin=\dimen164
\caption@width=\dimen165
\caption@indent=\dimen166
\caption@parindent=\dimen167
\caption@hangindent=\dimen168
Package caption Info: Standard document class detected.
)
\c@caption@flags=\count286
\c@continuedfloat=\count287
)
Package caption Info: New subtype `subfigure' on input line 238.
\c@subfigure=\count288
Package caption Info: New subtype `subtable' on input line 238.
\c@subtable=\count289
) (C:\Users\DELL\AppData\Local\Programs\MiKTeX\tex/latex/tocbibind\tocbibind.sty
Package: tocbibind 2010/10/13 v1.5k extra ToC listings
Package tocbibind Info: The document has chapter divisions on input line 50.


Package tocbibind Note: Using chapter style headings, unless overridden.

) (C:\Users\DELL\AppData\Local\Programs\MiKTeX\tex/latex/enumitem\enumitem.sty
Package: enumitem 2025/02/06 v3.11 Customized lists
\labelindent=\skip54
\enit@outerparindent=\dimen169
\enit@toks=\toks24
\enit@inbox=\box54
\enit@count@id=\count290
\enitdp@description=\count291
) (C:\Users\DELL\AppData\Local\Programs\MiKTeX\tex/latex/makecell\makecell.sty
Package: makecell 2009/08/03 V0.1e Managing of Tab Column Heads and Cells
 (C:\Users\DELL\AppData\Local\Programs\MiKTeX\tex/latex/tools\array.sty
Package: array 2024/10/17 v2.6g Tabular extension package (FMi)
\col@sep=\dimen170
\ar@mcellbox=\box55
\extrarowheight=\dimen171
\NC@list=\toks25
\extratabsurround=\skip55
\backup@length=\skip56
\ar@cellbox=\box56
)
\rotheadsize=\dimen172
\c@nlinenum=\count292
\TeXr@lab=\toks26
) (C:\Users\DELL\AppData\Local\Programs\MiKTeX\tex/latex/xcolor\xcolor.sty
Package: xcolor 2024/09/29 v3.02 LaTeX color extensions (UK)
 (C:\Users\DELL\AppData\Local\Programs\MiKTeX\tex/latex/graphics-cfg\color.cfg
File: color.cfg 2016/01/02 v1.6 sample color configuration
)
Package xcolor Info: Driver file: pdftex.def on input line 274.
 (C:\Users\DELL\AppData\Local\Programs\MiKTeX\tex/latex/graphics\mathcolor.ltx)
Package xcolor Info: Model `cmy' substituted by `cmy0' on input line 1349.
Package xcolor Info: Model `hsb' substituted by `rgb' on input line 1353.
Package xcolor Info: Model `RGB' extended on input line 1365.
Package xcolor Info: Model `HTML' substituted by `rgb' on input line 1367.
Package xcolor Info: Model `Hsb' substituted by `hsb' on input line 1368.
Package xcolor Info: Model `tHsb' substituted by `hsb' on input line 1369.
Package xcolor Info: Model `HSB' substituted by `hsb' on input line 1370.
Package xcolor Info: Model `Gray' substituted by `gray' on input line 1371.
Package xcolor Info: Model `wave' substituted by `hsb' on input line 1372.
) (C:\Users\DELL\AppData\Local\Programs\MiKTeX\tex/latex/colortbl\colortbl.sty
Package: colortbl 2024/07/06 v1.0i Color table columns (DPC)
\everycr=\toks27
\minrowclearance=\skip57
\rownum=\count293
) (C:\Users\DELL\AppData\Local\Programs\MiKTeX\tex/latex/float\float.sty
Package: float 2001/11/08 v1.3d Float enhancements (AL)
\c@float@type=\count294
\float@exts=\toks28
\float@box=\box57
\@float@everytoks=\toks29
\@floatcapt=\box58
) (C:\Users\DELL\AppData\Local\Programs\MiKTeX\tex/latex/hyperref\hyperref.sty
Package: hyperref 2024-11-05 v7.01l Hypertext links for LaTeX
 (C:\Users\DELL\AppData\Local\Programs\MiKTeX\tex/latex/kvsetkeys\kvsetkeys.sty
Package: kvsetkeys 2022-10-05 v1.19 Key value parser (HO)
) (C:\Users\DELL\AppData\Local\Programs\MiKTeX\tex/generic/kvdefinekeys\kvdefinekeys.sty
Package: kvdefinekeys 2019-12-19 v1.6 Define keys (HO)
) (C:\Users\DELL\AppData\Local\Programs\MiKTeX\tex/generic/pdfescape\pdfescape.sty
Package: pdfescape 2019/12/09 v1.15 Implements pdfTeX's escape features (HO)
 (C:\Users\DELL\AppData\Local\Programs\MiKTeX\tex/generic/ltxcmds\ltxcmds.sty
Package: ltxcmds 2023-12-04 v1.26 LaTeX kernel commands for general use (HO)
) (C:\Users\DELL\AppData\Local\Programs\MiKTeX\tex/generic/pdftexcmds\pdftexcmds.sty
Package: pdftexcmds 2020-06-27 v0.33 Utility functions of pdfTeX for LuaTeX (HO)
 (C:\Users\DELL\AppData\Local\Programs\MiKTeX\tex/generic/infwarerr\infwarerr.sty
Package: infwarerr 2019/12/03 v1.5 Providing info/warning/error messages (HO)
)
Package pdftexcmds Info: \pdf@primitive is available.
Package pdftexcmds Info: \pdf@ifprimitive is available.
Package pdftexcmds Info: \pdfdraftmode found.
)) (C:\Users\DELL\AppData\Local\Programs\MiKTeX\tex/latex/hycolor\hycolor.sty
Package: hycolor 2020-01-27 v1.10 Color options for hyperref/bookmark (HO)
) (C:\Users\DELL\AppData\Local\Programs\MiKTeX\tex/latex/hyperref\nameref.sty
Package: nameref 2023-11-26 v2.56 Cross-referencing by name of section
 (C:\Users\DELL\AppData\Local\Programs\MiKTeX\tex/latex/refcount\refcount.sty
Package: refcount 2019/12/15 v3.6 Data extraction from label references (HO)
) (C:\Users\DELL\AppData\Local\Programs\MiKTeX\tex/generic/gettitlestring\gettitlestring.sty
Package: gettitlestring 2019/12/15 v1.6 Cleanup title references (HO)
 (C:\Users\DELL\AppData\Local\Programs\MiKTeX\tex/latex/kvoptions\kvoptions.sty
Package: kvoptions 2022-06-15 v3.15 Key value format for package options (HO)
))
\c@section@level=\count295
) (C:\Users\DELL\AppData\Local\Programs\MiKTeX\tex/latex/etoolbox\etoolbox.sty
Package: etoolbox 2025/02/11 v2.5l e-TeX tools for LaTeX (JAW)
\etb@tempcnta=\count296
) (C:\Users\DELL\AppData\Local\Programs\MiKTeX\tex/generic/stringenc\stringenc.sty
Package: stringenc 2019/11/29 v1.12 Convert strings between diff. encodings (HO)
)
\@linkdim=\dimen173
\Hy@linkcounter=\count297
\Hy@pagecounter=\count298
 (C:\Users\DELL\AppData\Local\Programs\MiKTeX\tex/latex/hyperref\pd1enc.def
File: pd1enc.def 2024-11-05 v7.01l Hyperref: PDFDocEncoding definition (HO)
Now handling font encoding PD1 ...
... no UTF-8 mapping file for font encoding PD1
) (C:\Users\DELL\AppData\Local\Programs\MiKTeX\tex/generic/intcalc\intcalc.sty
Package: intcalc 2019/12/15 v1.3 Expandable calculations with integers (HO)
)
\Hy@SavedSpaceFactor=\count299
 (C:\Users\DELL\AppData\Local\Programs\MiKTeX\tex/latex/hyperref\puenc.def
File: puenc.def 2024-11-05 v7.01l Hyperref: PDF Unicode definition (HO)
Now handling font encoding PU ...
... no UTF-8 mapping file for font encoding PU
)
Package hyperref Info: Option `colorlinks' set `true' on input line 4040.
Package hyperref Info: Hyper figures OFF on input line 4157.
Package hyperref Info: Link nesting OFF on input line 4162.
Package hyperref Info: Hyper index ON on input line 4165.
Package hyperref Info: Plain pages OFF on input line 4172.
Package hyperref Info: Backreferencing OFF on input line 4177.
Package hyperref Info: Implicit mode ON; LaTeX internals redefined.
Package hyperref Info: Bookmarks ON on input line 4424.
\c@Hy@tempcnt=\count300
 (C:\Users\DELL\AppData\Local\Programs\MiKTeX\tex/latex/url\url.sty
\Urlmuskip=\muskip18
Package: url 2013/09/16  ver 3.4  Verb mode for urls, etc.
)
LaTeX Info: Redefining \url on input line 4763.
\XeTeXLinkMargin=\dimen174
 (C:\Users\DELL\AppData\Local\Programs\MiKTeX\tex/generic/bitset\bitset.sty
Package: bitset 2019/12/09 v1.3 Handle bit-vector datatype (HO)
 (C:\Users\DELL\AppData\Local\Programs\MiKTeX\tex/generic/bigintcalc\bigintcalc.sty
Package: bigintcalc 2019/12/15 v1.5 Expandable calculations on big integers (HO)
))
\Fld@menulength=\count301
\Field@Width=\dimen175
\Fld@charsize=\dimen176
Package hyperref Info: Hyper figures OFF on input line 6042.
Package hyperref Info: Link nesting OFF on input line 6047.
Package hyperref Info: Hyper index ON on input line 6050.
Package hyperref Info: backreferencing OFF on input line 6057.
Package hyperref Info: Link coloring ON on input line 6060.
Package hyperref Info: Link coloring with OCG OFF on input line 6067.
Package hyperref Info: PDF/A mode OFF on input line 6072.
 (C:\Users\DELL\AppData\Local\Programs\MiKTeX\tex/latex/base\atbegshi-ltx.sty
Package: atbegshi-ltx 2021/01/10 v1.0c Emulation of the original atbegshi
package with kernel methods
)
\Hy@abspage=\count302
\c@Item=\count303
\c@Hfootnote=\count304
)
Package hyperref Info: Driver (autodetected): hpdftex.
 (C:\Users\DELL\AppData\Local\Programs\MiKTeX\tex/latex/hyperref\hpdftex.def
File: hpdftex.def 2024-11-05 v7.01l Hyperref driver for pdfTeX
 (C:\Users\DELL\AppData\Local\Programs\MiKTeX\tex/latex/base\atveryend-ltx.sty
Package: atveryend-ltx 2020/08/19 v1.0a Emulation of the original atveryend package
with kernel methods
)
\Fld@listcount=\count305
\c@bookmark@seq@number=\count306
 (C:\Users\DELL\AppData\Local\Programs\MiKTeX\tex/latex/rerunfilecheck\rerunfilecheck.sty
Package: rerunfilecheck 2022-07-10 v1.10 Rerun checks for auxiliary files (HO)
 (C:\Users\DELL\AppData\Local\Programs\MiKTeX\tex/generic/uniquecounter\uniquecounter.sty
Package: uniquecounter 2019/12/15 v1.4 Provide unlimited unique counter (HO)
)
Package uniquecounter Info: New unique counter `rerunfilecheck' on input line 285.
)
\Hy@SectionHShift=\skip58
) (C:\Users\DELL\AppData\Local\Programs\MiKTeX\tex/latex/nomencl\nomencl.sty
Package: nomencl 2021/11/10 v5.6 Nomenclature package
 (C:\Users\DELL\AppData\Local\Programs\MiKTeX\tex/latex/xkeyval\xkeyval.sty
Package: xkeyval 2022/06/16 v2.9 package option processing (HA)
 (C:\Users\DELL\AppData\Local\Programs\MiKTeX\tex/generic/xkeyval\xkeyval.tex (C:\Users\DELL\AppData\Local\Programs\MiKTeX\tex/generic/xkeyval\xkvutils.tex
\XKV@toks=\toks30
\XKV@tempa@toks=\toks31
)
\XKV@depth=\count307
File: xkeyval.tex 2014/12/03 v2.7a key=value parser (HA)
)) (C:\Users\DELL\AppData\Local\Programs\MiKTeX\tex/latex/base\ifthen.sty
Package: ifthen 2024/03/16 v1.1e Standard LaTeX ifthen package (DPC)
) (C:\Users\DELL\AppData\Local\Programs\MiKTeX\tex/latex/koma-script\tocbasic.sty
Package: tocbasic 2024/10/24 v3.43 KOMA-Script package (handling toc-files)
 (C:\Users\DELL\AppData\Local\Programs\MiKTeX\tex/latex/koma-script\scrbase.sty
Package: scrbase 2024/10/24 v3.43 KOMA-Script package (KOMA-Script-independent basics and keyval usage)
 (C:\Users\DELL\AppData\Local\Programs\MiKTeX\tex/latex/koma-script\scrlfile.sty
Package: scrlfile 2024/10/24 v3.43 KOMA-Script package (file load hooks)
 (C:\Users\DELL\AppData\Local\Programs\MiKTeX\tex/latex/koma-script\scrlfile-hook.sty
Package: scrlfile-hook 2024/10/24 v3.43 KOMA-Script package (using LaTeX hooks)
 (C:\Users\DELL\AppData\Local\Programs\MiKTeX\tex/latex/koma-script\scrlogo.sty
Package: scrlogo 2024/10/24 v3.43 KOMA-Script package (logo)
)))
Applying: [2021/05/01] Usage of raw or classic option list on input line 254.
Already applied: [0000/00/00] Usage of raw or classic option list on input line 370.
)
\scr@dte@tocline@numberwidth=\skip59
\scr@dte@tocline@numbox=\box59
)
Package tocbasic Info: omitting babel extension for `nlo'
(tocbasic)             because of missing \bbl@set@language on input line 187.
Package tocbasic Info: omitting babel extension for `nls'
(tocbasic)             because of missing \bbl@set@language on input line 188.
\nomlabelwidth=\dimen177
\nom@tempdim=\dimen178
\nomitemsep=\skip60
) (C:\Users\DELL\AppData\Local\Programs\MiKTeX\tex/latex/algorithm2e\algorithm2e.sty
Package: algorithm2e 2017/07/18 v5.2 algorithms environments
\c@AlgoLine=\count308
\algocf@hangindent=\skip61
 (C:\Users\DELL\AppData\Local\Programs\MiKTeX\tex/latex/ifoddpage\ifoddpage.sty
Package: ifoddpage 2022/10/18 v1.2 Conditionals for odd/even page detection
\c@checkoddpage=\count309
) (C:\Users\DELL\AppData\Local\Programs\MiKTeX\tex/latex/tools\xspace.sty
Package: xspace 2014/10/28 v1.13 Space after command names (DPC,MH)
) (C:\Users\DELL\AppData\Local\Programs\MiKTeX\tex/latex/relsize\relsize.sty
Package: relsize 2013/03/29 ver 4.1
)
\skiptotal=\skip62
\skiplinenumber=\skip63
\skiprule=\skip64
\skiphlne=\skip65
\skiptext=\skip66
\skiplength=\skip67
\algomargin=\skip68
\skipalgocfslide=\skip69
\algowidth=\dimen179
\inoutsize=\dimen180
\inoutindent=\dimen181
\interspacetitleruled=\dimen182
\interspacealgoruled=\dimen183
\interspacetitleboxruled=\dimen184
\algocf@ruledwidth=\skip70
\algocf@inoutbox=\box60
\algocf@inputbox=\box61
\AlCapSkip=\skip71
\AlCapHSkip=\skip72
\algoskipindent=\skip73
\algocf@nlbox=\box62
\algocf@hangingbox=\box63
\algocf@untilbox=\box64
\algocf@skipuntil=\skip74
\algocf@capbox=\box65
\algocf@lcaptionbox=\skip75
\algoheightruledefault=\skip76
\algoheightrule=\skip77
\algotitleheightruledefault=\skip78
\algotitleheightrule=\skip79
\c@algocfline=\count310
\c@algocfproc=\count311
\c@algocf=\count312
\algocf@algoframe=\box66
\algocf@algobox=\box67
) (C:\Users\DELL\AppData\Local\Programs\MiKTeX\tex/latex/listings\listings.sty
\lst@mode=\count313
\lst@gtempboxa=\box68
\lst@token=\toks32
\lst@length=\count314
\lst@currlwidth=\dimen185
\lst@column=\count315
\lst@pos=\count316
\lst@lostspace=\dimen186
\lst@width=\dimen187
\lst@newlines=\count317
\lst@lineno=\count318
\lst@maxwidth=\dimen188
 (C:\Users\DELL\AppData\Local\Programs\MiKTeX\tex/latex/listings\lstpatch.sty
File: lstpatch.sty 2024/09/23 1.10c (Carsten Heinz)
) (C:\Users\DELL\AppData\Local\Programs\MiKTeX\tex/latex/listings\lstmisc.sty
File: lstmisc.sty 2024/09/23 1.10c (Carsten Heinz)
\c@lstnumber=\count319
\lst@skipnumbers=\count320
\lst@framebox=\box69
) (C:\Users\DELL\AppData\Local\Programs\MiKTeX\tex/latex/listings\listings.cfg
File: listings.cfg 2024/09/23 1.10c listings configuration
))
Package: listings 2024/09/23 1.10c (Carsten Heinz)
 (C:\Users\DELL\AppData\Local\Programs\MiKTeX\tex/latex/tcolorbox\tcolorbox.sty
Package: tcolorbox 2024/10/22 version 6.4.1 text color boxes
 (C:\Users\DELL\AppData\Local\Programs\MiKTeX\tex/latex/pgf/frontendlayer\tikz.sty (C:\Users\DELL\AppData\Local\Programs\MiKTeX\tex/latex/pgf/basiclayer\pgf.sty (C:\Users\DELL\AppData\Local\Programs\MiKTeX\tex/latex/pgf/utilities\pgfrcs.sty (C:\Users\DELL\AppData\Local\Programs\MiKTeX\tex/generic/pgf/utilities\pgfutil-common.tex
\pgfutil@everybye=\toks33
\pgfutil@tempdima=\dimen189
\pgfutil@tempdimb=\dimen190
) (C:\Users\DELL\AppData\Local\Programs\MiKTeX\tex/generic/pgf/utilities\pgfutil-latex.def
\pgfutil@abb=\box70
) (C:\Users\DELL\AppData\Local\Programs\MiKTeX\tex/generic/pgf/utilities\pgfrcs.code.tex (C:\Users\DELL\AppData\Local\Programs\MiKTeX\tex/generic/pgf\pgf.revision.tex)
Package: pgfrcs 2023-01-15 v3.1.10 (3.1.10)
))
Package: pgf 2023-01-15 v3.1.10 (3.1.10)
 (C:\Users\DELL\AppData\Local\Programs\MiKTeX\tex/latex/pgf/basiclayer\pgfcore.sty (C:\Users\DELL\AppData\Local\Programs\MiKTeX\tex/latex/pgf/systemlayer\pgfsys.sty (C:\Users\DELL\AppData\Local\Programs\MiKTeX\tex/generic/pgf/systemlayer\pgfsys.code.tex
Package: pgfsys 2023-01-15 v3.1.10 (3.1.10)
 (C:\Users\DELL\AppData\Local\Programs\MiKTeX\tex/generic/pgf/utilities\pgfkeys.code.tex
\pgfkeys@pathtoks=\toks34
\pgfkeys@temptoks=\toks35
 (C:\Users\DELL\AppData\Local\Programs\MiKTeX\tex/generic/pgf/utilities\pgfkeyslibraryfiltered.code.tex
\pgfkeys@tmptoks=\toks36
))
\pgf@x=\dimen191
\pgf@y=\dimen192
\pgf@xa=\dimen193
\pgf@ya=\dimen194
\pgf@xb=\dimen195
\pgf@yb=\dimen196
\pgf@xc=\dimen197
\pgf@yc=\dimen198
\pgf@xd=\dimen199
\pgf@yd=\dimen256
\w@pgf@writea=\write3
\r@pgf@reada=\read2
\c@pgf@counta=\count321
\c@pgf@countb=\count322
\c@pgf@countc=\count323
\c@pgf@countd=\count324
\t@pgf@toka=\toks37
\t@pgf@tokb=\toks38
\t@pgf@tokc=\toks39
\pgf@sys@id@count=\count325
 (C:\Users\DELL\AppData\Local\Programs\MiKTeX\tex/generic/pgf/systemlayer\pgf.cfg
File: pgf.cfg 2023-01-15 v3.1.10 (3.1.10)
)
Driver file for pgf: pgfsys-pdftex.def
 (C:\Users\DELL\AppData\Local\Programs\MiKTeX\tex/generic/pgf/systemlayer\pgfsys-pdftex.def
File: pgfsys-pdftex.def 2023-01-15 v3.1.10 (3.1.10)
 (C:\Users\DELL\AppData\Local\Programs\MiKTeX\tex/generic/pgf/systemlayer\pgfsys-common-pdf.def
File: pgfsys-common-pdf.def 2023-01-15 v3.1.10 (3.1.10)
))) (C:\Users\DELL\AppData\Local\Programs\MiKTeX\tex/generic/pgf/systemlayer\pgfsyssoftpath.code.tex
File: pgfsyssoftpath.code.tex 2023-01-15 v3.1.10 (3.1.10)
\pgfsyssoftpath@smallbuffer@items=\count326
\pgfsyssoftpath@bigbuffer@items=\count327
) (C:\Users\DELL\AppData\Local\Programs\MiKTeX\tex/generic/pgf/systemlayer\pgfsysprotocol.code.tex
File: pgfsysprotocol.code.tex 2023-01-15 v3.1.10 (3.1.10)
)) (C:\Users\DELL\AppData\Local\Programs\MiKTeX\tex/generic/pgf/basiclayer\pgfcore.code.tex
Package: pgfcore 2023-01-15 v3.1.10 (3.1.10)
 (C:\Users\DELL\AppData\Local\Programs\MiKTeX\tex/generic/pgf/math\pgfmath.code.tex (C:\Users\DELL\AppData\Local\Programs\MiKTeX\tex/generic/pgf/math\pgfmathutil.code.tex) (C:\Users\DELL\AppData\Local\Programs\MiKTeX\tex/generic/pgf/math\pgfmathparser.code.tex
\pgfmath@dimen=\dimen257
\pgfmath@count=\count328
\pgfmath@box=\box71
\pgfmath@toks=\toks40
\pgfmath@stack@operand=\toks41
\pgfmath@stack@operation=\toks42
) (C:\Users\DELL\AppData\Local\Programs\MiKTeX\tex/generic/pgf/math\pgfmathfunctions.code.tex) (C:\Users\DELL\AppData\Local\Programs\MiKTeX\tex/generic/pgf/math\pgfmathfunctions.basic.code.tex) (C:\Users\DELL\AppData\Local\Programs\MiKTeX\tex/generic/pgf/math\pgfmathfunctions.trigonometric.code.tex) (C:\Users\DELL\AppData\Local\Programs\MiKTeX\tex/generic/pgf/math\pgfmathfunctions.random.code.tex) (C:\Users\DELL\AppData\Local\Programs\MiKTeX\tex/generic/pgf/math\pgfmathfunctions.comparison.code.tex) (C:\Users\DELL\AppData\Local\Programs\MiKTeX\tex/generic/pgf/math\pgfmathfunctions.base.code.tex) (C:\Users\DELL\AppData\Local\Programs\MiKTeX\tex/generic/pgf/math\pgfmathfunctions.round.code.tex) (C:\Users\DELL\AppData\Local\Programs\MiKTeX\tex/generic/pgf/math\pgfmathfunctions.misc.code.tex) (C:\Users\DELL\AppData\Local\Programs\MiKTeX\tex/generic/pgf/math\pgfmathfunctions.integerarithmetics.code.tex) (C:\Users\DELL\AppData\Local\Programs\MiKTeX\tex/generic/pgf/math\pgfmathcalc.code.tex) (C:\Users\DELL\AppData\Local\Programs\MiKTeX\tex/generic/pgf/math\pgfmathfloat.code.tex
\c@pgfmathroundto@lastzeros=\count329
)) (C:\Users\DELL\AppData\Local\Programs\MiKTeX\tex/generic/pgf/math\pgfint.code.tex) (C:\Users\DELL\AppData\Local\Programs\MiKTeX\tex/generic/pgf/basiclayer\pgfcorepoints.code.tex
File: pgfcorepoints.code.tex 2023-01-15 v3.1.10 (3.1.10)
\pgf@picminx=\dimen258
\pgf@picmaxx=\dimen259
\pgf@picminy=\dimen260
\pgf@picmaxy=\dimen261
\pgf@pathminx=\dimen262
\pgf@pathmaxx=\dimen263
\pgf@pathminy=\dimen264
\pgf@pathmaxy=\dimen265
\pgf@xx=\dimen266
\pgf@xy=\dimen267
\pgf@yx=\dimen268
\pgf@yy=\dimen269
\pgf@zx=\dimen270
\pgf@zy=\dimen271
) (C:\Users\DELL\AppData\Local\Programs\MiKTeX\tex/generic/pgf/basiclayer\pgfcorepathconstruct.code.tex
File: pgfcorepathconstruct.code.tex 2023-01-15 v3.1.10 (3.1.10)
\pgf@path@lastx=\dimen272
\pgf@path@lasty=\dimen273
) (C:\Users\DELL\AppData\Local\Programs\MiKTeX\tex/generic/pgf/basiclayer\pgfcorepathusage.code.tex
File: pgfcorepathusage.code.tex 2023-01-15 v3.1.10 (3.1.10)
\pgf@shorten@end@additional=\dimen274
\pgf@shorten@start@additional=\dimen275
) (C:\Users\DELL\AppData\Local\Programs\MiKTeX\tex/generic/pgf/basiclayer\pgfcorescopes.code.tex
File: pgfcorescopes.code.tex 2023-01-15 v3.1.10 (3.1.10)
\pgfpic=\box72
\pgf@hbox=\box73
\pgf@layerbox@main=\box74
\pgf@picture@serial@count=\count330
) (C:\Users\DELL\AppData\Local\Programs\MiKTeX\tex/generic/pgf/basiclayer\pgfcoregraphicstate.code.tex
File: pgfcoregraphicstate.code.tex 2023-01-15 v3.1.10 (3.1.10)
\pgflinewidth=\dimen276
) (C:\Users\DELL\AppData\Local\Programs\MiKTeX\tex/generic/pgf/basiclayer\pgfcoretransformations.code.tex
File: pgfcoretransformations.code.tex 2023-01-15 v3.1.10 (3.1.10)
\pgf@pt@x=\dimen277
\pgf@pt@y=\dimen278
\pgf@pt@temp=\dimen279
) (C:\Users\DELL\AppData\Local\Programs\MiKTeX\tex/generic/pgf/basiclayer\pgfcorequick.code.tex
File: pgfcorequick.code.tex 2023-01-15 v3.1.10 (3.1.10)
) (C:\Users\DELL\AppData\Local\Programs\MiKTeX\tex/generic/pgf/basiclayer\pgfcoreobjects.code.tex
File: pgfcoreobjects.code.tex 2023-01-15 v3.1.10 (3.1.10)
) (C:\Users\DELL\AppData\Local\Programs\MiKTeX\tex/generic/pgf/basiclayer\pgfcorepathprocessing.code.tex
File: pgfcorepathprocessing.code.tex 2023-01-15 v3.1.10 (3.1.10)
) (C:\Users\DELL\AppData\Local\Programs\MiKTeX\tex/generic/pgf/basiclayer\pgfcorearrows.code.tex
File: pgfcorearrows.code.tex 2023-01-15 v3.1.10 (3.1.10)
\pgfarrowsep=\dimen280
) (C:\Users\DELL\AppData\Local\Programs\MiKTeX\tex/generic/pgf/basiclayer\pgfcoreshade.code.tex
File: pgfcoreshade.code.tex 2023-01-15 v3.1.10 (3.1.10)
\pgf@max=\dimen281
\pgf@sys@shading@range@num=\count331
\pgf@shadingcount=\count332
) (C:\Users\DELL\AppData\Local\Programs\MiKTeX\tex/generic/pgf/basiclayer\pgfcoreimage.code.tex
File: pgfcoreimage.code.tex 2023-01-15 v3.1.10 (3.1.10)
) (C:\Users\DELL\AppData\Local\Programs\MiKTeX\tex/generic/pgf/basiclayer\pgfcoreexternal.code.tex
File: pgfcoreexternal.code.tex 2023-01-15 v3.1.10 (3.1.10)
\pgfexternal@startupbox=\box75
) (C:\Users\DELL\AppData\Local\Programs\MiKTeX\tex/generic/pgf/basiclayer\pgfcorelayers.code.tex
File: pgfcorelayers.code.tex 2023-01-15 v3.1.10 (3.1.10)
) (C:\Users\DELL\AppData\Local\Programs\MiKTeX\tex/generic/pgf/basiclayer\pgfcoretransparency.code.tex
File: pgfcoretransparency.code.tex 2023-01-15 v3.1.10 (3.1.10)
) (C:\Users\DELL\AppData\Local\Programs\MiKTeX\tex/generic/pgf/basiclayer\pgfcorepatterns.code.tex
File: pgfcorepatterns.code.tex 2023-01-15 v3.1.10 (3.1.10)
) (C:\Users\DELL\AppData\Local\Programs\MiKTeX\tex/generic/pgf/basiclayer\pgfcorerdf.code.tex
File: pgfcorerdf.code.tex 2023-01-15 v3.1.10 (3.1.10)
))) (C:\Users\DELL\AppData\Local\Programs\MiKTeX\tex/generic/pgf/modules\pgfmoduleshapes.code.tex
File: pgfmoduleshapes.code.tex 2023-01-15 v3.1.10 (3.1.10)
\pgfnodeparttextbox=\box76
) (C:\Users\DELL\AppData\Local\Programs\MiKTeX\tex/generic/pgf/modules\pgfmoduleplot.code.tex
File: pgfmoduleplot.code.tex 2023-01-15 v3.1.10 (3.1.10)
) (C:\Users\DELL\AppData\Local\Programs\MiKTeX\tex/latex/pgf/compatibility\pgfcomp-version-0-65.sty
Package: pgfcomp-version-0-65 2023-01-15 v3.1.10 (3.1.10)
\pgf@nodesepstart=\dimen282
\pgf@nodesepend=\dimen283
) (C:\Users\DELL\AppData\Local\Programs\MiKTeX\tex/latex/pgf/compatibility\pgfcomp-version-1-18.sty
Package: pgfcomp-version-1-18 2023-01-15 v3.1.10 (3.1.10)
)) (C:\Users\DELL\AppData\Local\Programs\MiKTeX\tex/latex/pgf/utilities\pgffor.sty (C:\Users\DELL\AppData\Local\Programs\MiKTeX\tex/latex/pgf/utilities\pgfkeys.sty (C:\Users\DELL\AppData\Local\Programs\MiKTeX\tex/generic/pgf/utilities\pgfkeys.code.tex)) (C:\Users\DELL\AppData\Local\Programs\MiKTeX\tex/latex/pgf/math\pgfmath.sty (C:\Users\DELL\AppData\Local\Programs\MiKTeX\tex/generic/pgf/math\pgfmath.code.tex)) (C:\Users\DELL\AppData\Local\Programs\MiKTeX\tex/generic/pgf/utilities\pgffor.code.tex
Package: pgffor 2023-01-15 v3.1.10 (3.1.10)
\pgffor@iter=\dimen284
\pgffor@skip=\dimen285
\pgffor@stack=\toks43
\pgffor@toks=\toks44
)) (C:\Users\DELL\AppData\Local\Programs\MiKTeX\tex/generic/pgf/frontendlayer/tikz\tikz.code.tex
Package: tikz 2023-01-15 v3.1.10 (3.1.10)
 (C:\Users\DELL\AppData\Local\Programs\MiKTeX\tex/generic/pgf/libraries\pgflibraryplothandlers.code.tex
File: pgflibraryplothandlers.code.tex 2023-01-15 v3.1.10 (3.1.10)
\pgf@plot@mark@count=\count333
\pgfplotmarksize=\dimen286
)
\tikz@lastx=\dimen287
\tikz@lasty=\dimen288
\tikz@lastxsaved=\dimen289
\tikz@lastysaved=\dimen290
\tikz@lastmovetox=\dimen291
\tikz@lastmovetoy=\dimen292
\tikzleveldistance=\dimen293
\tikzsiblingdistance=\dimen294
\tikz@figbox=\box77
\tikz@figbox@bg=\box78
\tikz@tempbox=\box79
\tikz@tempbox@bg=\box80
\tikztreelevel=\count334
\tikznumberofchildren=\count335
\tikznumberofcurrentchild=\count336
\tikz@fig@count=\count337
 (C:\Users\DELL\AppData\Local\Programs\MiKTeX\tex/generic/pgf/modules\pgfmodulematrix.code.tex
File: pgfmodulematrix.code.tex 2023-01-15 v3.1.10 (3.1.10)
\pgfmatrixcurrentrow=\count338
\pgfmatrixcurrentcolumn=\count339
\pgf@matrix@numberofcolumns=\count340
)
\tikz@expandcount=\count341

(C:\Users\DELL\AppData\Local\Programs\MiKTeX\tex/generic/pgf/frontendlayer/tikz/libraries\tikzlibrarytopaths.code.tex
File: tikzlibrarytopaths.code.tex 2023-01-15 v3.1.10 (3.1.10)
))) (C:\Users\DELL\AppData\Local\Programs\MiKTeX\tex/latex/tools\verbatim.sty
Package: verbatim 2024-01-22 v1.5x LaTeX2e package for verbatim enhancements
\every@verbatim=\toks45
\verbatim@line=\toks46
\verbatim@in@stream=\read3
) (C:\Users\DELL\AppData\Local\Programs\MiKTeX\tex/latex/environ\environ.sty
Package: environ 2014/05/04 v0.3 A new way to define environments
 (C:\Users\DELL\AppData\Local\Programs\MiKTeX\tex/latex/trimspaces\trimspaces.sty
Package: trimspaces 2009/09/17 v1.1 Trim spaces around a token list
))
\tcb@titlebox=\box81
\tcb@upperbox=\box82
\tcb@lowerbox=\box83
\tcb@phantombox=\box84
\c@tcbbreakpart=\count342
\c@tcblayer=\count343
\c@tcolorbox@number=\count344
\l__tcobox_tmpa_box=\box85
\l__tcobox_tmpa_dim=\dimen295
\tcb@temp=\box86
\tcb@temp=\box87
\tcb@temp=\box88
\tcb@temp=\box89
) (C:\Users\DELL\AppData\Local\Programs\MiKTeX\tex/latex/tcolorbox\tcblistingsutf8.code.tex
Library (tcolorbox): 'tcblistingsutf8.code.tex' version '6.4.1'
(C:\Users\DELL\AppData\Local\Programs\MiKTeX\tex/latex/tcolorbox\tcblistings.code.tex
Library (tcolorbox): 'tcblistings.code.tex' version '6.4.1'
(C:\Users\DELL\AppData\Local\Programs\MiKTeX\tex/latex/tcolorbox\tcblistingscore.code.tex
Library (tcolorbox): 'tcblistingscore.code.tex' version '6.4.1'
(C:\Users\DELL\AppData\Local\Programs\MiKTeX\tex/latex/tcolorbox\tcbprocessing.code.tex
Library (tcolorbox): 'tcbprocessing.code.tex' version '6.4.1'
)
\c@tcblisting=\count345
)) (C:\Users\DELL\AppData\Local\Programs\MiKTeX\tex/latex/listingsutf8\listingsutf8.sty
Package: listingsutf8 2019-12-10 v1.5 Allow UTF-8 in listings input (HO)
)) (C:\Users\DELL\AppData\Local\Programs\MiKTeX\tex/latex/biblatex\biblatex.sty
Package: biblatex 2024/03/21 v3.20 programmable bibliographies (PK/MW)
 (C:\Users\DELL\AppData\Local\Programs\MiKTeX\tex/latex/logreq\logreq.sty
Package: logreq 2010/08/04 v1.0 xml request logger
\lrq@indent=\count346
 (C:\Users\DELL\AppData\Local\Programs\MiKTeX\tex/latex/logreq\logreq.def
File: logreq.def 2010/08/04 v1.0 logreq spec v1.0
))
\c@tabx@nest=\count347
\c@listtotal=\count348
\c@listcount=\count349
\c@liststart=\count350
\c@liststop=\count351
\c@citecount=\count352
\c@citetotal=\count353
\c@multicitecount=\count354
\c@multicitetotal=\count355
\c@instcount=\count356
\c@maxnames=\count357
\c@minnames=\count358
\c@maxitems=\count359
\c@minitems=\count360
\c@citecounter=\count361
\c@maxcitecounter=\count362
\c@savedcitecounter=\count363
\c@uniquelist=\count364
\c@uniquename=\count365
\c@refsection=\count366
\c@refsegment=\count367
\c@maxextratitle=\count368
\c@maxextratitleyear=\count369
\c@maxextraname=\count370
\c@maxextradate=\count371
\c@maxextraalpha=\count372
\c@abbrvpenalty=\count373
\c@highnamepenalty=\count374
\c@lownamepenalty=\count375
\c@maxparens=\count376
\c@parenlevel=\count377
\blx@tempcnta=\count378
\blx@tempcntb=\count379
\blx@tempcntc=\count380
\c@blx@maxsection=\count381
\blx@maxsegment@0=\count382
\blx@notetype=\count383
\blx@parenlevel@text=\count384
\blx@parenlevel@foot=\count385
\blx@sectionciteorder@0=\count386
\blx@sectionciteorderinternal@0=\count387
\blx@entrysetcounter=\count388
\blx@biblioinstance=\count389
\labelnumberwidth=\skip80
\labelalphawidth=\skip81
\biblabelsep=\skip82
\bibitemsep=\skip83
\bibnamesep=\skip84
\bibinitsep=\skip85
\bibparsep=\skip86
\bibhang=\skip87
\blx@bcfin=\read4
\blx@bcfout=\write4
\blx@langwohyphens=\language79
\c@mincomprange=\count390
\c@maxcomprange=\count391
\c@mincompwidth=\count392
Package biblatex Info: Trying to load biblatex default data model...
Package biblatex Info: ... file 'blx-dm.def' found.
 (C:\Users\DELL\AppData\Local\Programs\MiKTeX\tex/latex/biblatex\blx-dm.def
File: blx-dm.def 2024/03/21 v3.20 biblatex datamodel (PK/MW)
)
Package biblatex Info: Trying to load biblatex style data model...
Package biblatex Info: ... file 'ieee.dbx' not found.
Package biblatex Info: Trying to load biblatex custom data model...
Package biblatex Info: ... file 'biblatex-dm.cfg' not found.
\c@afterword=\count393
\c@savedafterword=\count394
\c@annotator=\count395
\c@savedannotator=\count396
\c@author=\count397
\c@savedauthor=\count398
\c@bookauthor=\count399
\c@savedbookauthor=\count400
\c@commentator=\count401
\c@savedcommentator=\count402
\c@editor=\count403
\c@savededitor=\count404
\c@editora=\count405
\c@savededitora=\count406
\c@editorb=\count407
\c@savededitorb=\count408
\c@editorc=\count409
\c@savededitorc=\count410
\c@foreword=\count411
\c@savedforeword=\count412
\c@holder=\count413
\c@savedholder=\count414
\c@introduction=\count415
\c@savedintroduction=\count416
\c@namea=\count417
\c@savednamea=\count418
\c@nameb=\count419
\c@savednameb=\count420
\c@namec=\count421
\c@savednamec=\count422
\c@translator=\count423
\c@savedtranslator=\count424
\c@shortauthor=\count425
\c@savedshortauthor=\count426
\c@shorteditor=\count427
\c@savedshorteditor=\count428
\c@labelname=\count429
\c@savedlabelname=\count430
\c@institution=\count431
\c@savedinstitution=\count432
\c@lista=\count433
\c@savedlista=\count434
\c@listb=\count435
\c@savedlistb=\count436
\c@listc=\count437
\c@savedlistc=\count438
\c@listd=\count439
\c@savedlistd=\count440
\c@liste=\count441
\c@savedliste=\count442
\c@listf=\count443
\c@savedlistf=\count444
\c@location=\count445
\c@savedlocation=\count446
\c@organization=\count447
\c@savedorganization=\count448
\c@origlocation=\count449
\c@savedoriglocation=\count450
\c@origpublisher=\count451
\c@savedorigpublisher=\count452
\c@publisher=\count453
\c@savedpublisher=\count454
\c@language=\count455
\c@savedlanguage=\count456
\c@origlanguage=\count457
\c@savedoriglanguage=\count458
\c@pageref=\count459
\c@savedpageref=\count460
\shorthandwidth=\skip88
\shortjournalwidth=\skip89
\shortserieswidth=\skip90
\shorttitlewidth=\skip91
\shortauthorwidth=\skip92
\shorteditorwidth=\skip93
\locallabelnumberwidth=\skip94
\locallabelalphawidth=\skip95
\localshorthandwidth=\skip96
\localshortjournalwidth=\skip97
\localshortserieswidth=\skip98
\localshorttitlewidth=\skip99
\localshortauthorwidth=\skip100
\localshorteditorwidth=\skip101
Package biblatex Info: Trying to load compatibility code...
Package biblatex Info: ... file 'blx-compat.def' found.
 (C:\Users\DELL\AppData\Local\Programs\MiKTeX\tex/latex/biblatex\blx-compat.def
File: blx-compat.def 2024/03/21 v3.20 biblatex compatibility (PK/MW)
)
Package biblatex Info: Trying to load generic definitions...
Package biblatex Info: ... file 'biblatex.def' found.
 (C:\Users\DELL\AppData\Local\Programs\MiKTeX\tex/latex/biblatex\biblatex.def
File: biblatex.def 2024/03/21 v3.20 biblatex compatibility (PK/MW)
\c@textcitecount=\count461
\c@textcitetotal=\count462
\c@textcitemaxnames=\count463
\c@biburlbigbreakpenalty=\count464
\c@biburlbreakpenalty=\count465
\c@biburlnumpenalty=\count466
\c@biburlucpenalty=\count467
\c@biburllcpenalty=\count468
\biburlbigskip=\muskip19
\biburlnumskip=\muskip20
\biburlucskip=\muskip21
\biburllcskip=\muskip22
\c@smartand=\count469
)
Package biblatex Info: Trying to load bibliography style 'ieee'...
Package biblatex Info: ... file 'ieee.bbx' found.
 (C:\Users\DELL\AppData\Local\Programs\MiKTeX\tex/latex/biblatex-ieee\ieee.bbx
File: ieee.bbx 2025-08-01 v1.4f biblatex bibliography style
Package biblatex Info: Trying to load bibliography style 'numeric-comp'...
Package biblatex Info: ... file 'numeric-comp.bbx' found.
 (C:\Users\DELL\AppData\Local\Programs\MiKTeX\tex/latex/biblatex/bbx\numeric-comp.bbx
File: numeric-comp.bbx 2024/03/21 v3.20 biblatex bibliography style (PK/MW)
Package biblatex Info: Trying to load bibliography style 'numeric'...
Package biblatex Info: ... file 'numeric.bbx' found.
 (C:\Users\DELL\AppData\Local\Programs\MiKTeX\tex/latex/biblatex/bbx\numeric.bbx
File: numeric.bbx 2024/03/21 v3.20 biblatex bibliography style (PK/MW)
Package biblatex Info: Trying to load bibliography style 'standard'...
Package biblatex Info: ... file 'standard.bbx' found.
 (C:\Users\DELL\AppData\Local\Programs\MiKTeX\tex/latex/biblatex/bbx\standard.bbx
File: standard.bbx 2024/03/21 v3.20 biblatex bibliography style (PK/MW)
\c@bbx:relatedcount=\count470
\c@bbx:relatedtotal=\count471
))))
Package biblatex Info: Trying to load citation style 'ieee'...
Package biblatex Info: ... file 'ieee.cbx' found.
 (C:\Users\DELL\AppData\Local\Programs\MiKTeX\tex/latex/biblatex-ieee\ieee.cbx
File: ieee.cbx 2025-08-01 v1.4f biblatex citation style
Package biblatex Info: Trying to load citation style 'numeric-verb'...
Package biblatex Info: ... file 'numeric-verb.cbx' found.
 (C:\Users\DELL\AppData\Local\Programs\MiKTeX\tex/latex/biblatex/cbx\numeric-verb.cbx
File: numeric-verb.cbx 2024/03/21 v3.20 biblatex citation style (PK/MW)
Package biblatex Info: Redefining '\cite'.
Package biblatex Info: Redefining '\parencite'.
Package biblatex Info: Redefining '\footcite'.
Package biblatex Info: Redefining '\footcitetext'.
Package biblatex Info: Redefining '\smartcite'.
Package biblatex Info: Redefining '\textcite'.
Package biblatex Info: Redefining '\supercite'.
Package biblatex Info: Redefining '\parencites'.
Package biblatex Info: Redefining '\smartcites'.
Package biblatex Info: Redefining '\textcites'.
))
Package biblatex Info: Trying to load configuration file...
Package biblatex Info: ... file 'biblatex.cfg' found.
 (C:\Users\DELL\AppData\Local\Programs\MiKTeX\tex/latex/biblatex\biblatex.cfg
File: biblatex.cfg 
)
Package biblatex Info: Input encoding 'utf8' detected.
Package biblatex Info: Document encoding is UTF8 ....
 (C:\Users\DELL\AppData\Local\Programs\MiKTeX\tex/latex/l3kernel\expl3.sty
Package: expl3 2025-01-18 L3 programming layer (loader) 
 (C:\Users\DELL\AppData\Local\Programs\MiKTeX\tex/latex/l3backend\l3backend-pdftex.def
File: l3backend-pdftex.def 2024-05-08 L3 backend support: PDF output (pdfTeX)
\l__color_backend_stack_int=\count472
\l__pdf_internal_box=\box90
))
Package biblatex Info: ... and expl3
(biblatex)             2025-01-18 L3 programming layer (loader) 
(biblatex)             is new enough (at least 2020/04/06),
(biblatex)             setting 'casechanger=expl3'.
 (C:\Users\DELL\AppData\Local\Programs\MiKTeX\tex/latex/biblatex\blx-case-expl3.sty (C:\Users\DELL\AppData\Local\Programs\MiKTeX\tex/latex/l3packages/xparse\xparse.sty
Package: xparse 2024-08-16 L3 Experimental document command parser
)
Package: blx-case-expl3 2024/03/21 v3.20 expl3 case changing code for biblatex
)) (C:\Users\DELL\AppData\Local\Programs\MiKTeX\tex/latex/pdfpages\pdfpages.sty
Package: pdfpages 2025/07/23 v0.6g Insert pages of external PDF documents (AM)
 (C:\Users\DELL\AppData\Local\Programs\MiKTeX\tex/latex/tools\calc.sty
Package: calc 2023/07/08 v4.3 Infix arithmetic (KKT,FJ)
\calc@Acount=\count473
\calc@Bcount=\count474
\calc@Adimen=\dimen296
\calc@Bdimen=\dimen297
\calc@Askip=\skip102
\calc@Bskip=\skip103
LaTeX Info: Redefining \setlength on input line 80.
LaTeX Info: Redefining \addtolength on input line 81.
\calc@Ccount=\count475
\calc@Cskip=\skip104
) (C:\Users\DELL\AppData\Local\Programs\MiKTeX\tex/latex/eso-pic\eso-pic.sty
Package: eso-pic 2023/05/03 v3.0c eso-pic (RN)
\ESO@tempdima=\dimen298
\ESO@tempdimb=\dimen299
)
\AM@pagewidth=\dimen300
\AM@pageheight=\dimen301
\AM@fboxrule=\dimen302
 (C:\Users\DELL\AppData\Local\Programs\MiKTeX\tex/latex/pdfpages\pppdftex.def
File: pppdftex.def 2025/07/23 v0.6g Pdfpages driver for pdfTeX (AM)
)
\pdfpages@includegraphics@status=\count476
\AM@pagebox=\box91
\AM@global@opts=\toks47
\AM@pagecnt=\count477
\AM@toc@title=\toks48
\AM@lof@heading=\toks49
\c@AM@survey=\count478
\AM@templatesizebox=\box92
) (C:\Users\DELL\AppData\Local\Programs\MiKTeX\tex/latex/ragged2e\ragged2e.sty
Package: ragged2e 2023/06/22 v3.6 ragged2e Package
\CenteringLeftskip=\skip105
\RaggedLeftLeftskip=\skip106
\RaggedRightLeftskip=\skip107
\CenteringRightskip=\skip108
\RaggedLeftRightskip=\skip109
\RaggedRightRightskip=\skip110
\CenteringParfillskip=\skip111
\RaggedLeftParfillskip=\skip112
\RaggedRightParfillskip=\skip113
\JustifyingParfillskip=\skip114
\CenteringParindent=\skip115
\RaggedLeftParindent=\skip116
\RaggedRightParindent=\skip117
\JustifyingParindent=\skip118
) (C:\Users\DELL\AppData\Local\Programs\MiKTeX\tex/latex/setspace\setspace.sty
Package: setspace 2022/12/04 v6.7b set line spacing
)
\@nomenclaturefile=\write5
\openout5 = `Chapter1.nlo'.

Package nomencl Info: Writing nomenclature file Chapter1.nlo on input line 41.
\@quotelevel=\count479
\@quotereset=\count480
 (Chapter1.aux

LaTeX Warning: Label `fig:system_description' multiply defined.


LaTeX Warning: Label `fig:system_description' multiply defined.


LaTeX Warning: Label `fig:system_description' multiply defined.

)
\openout1 = `Chapter1.aux'.

LaTeX Font Info:    Checking defaults for OML/cmm/m/it on input line 43.
LaTeX Font Info:    ... okay on input line 43.
LaTeX Font Info:    Checking defaults for OMS/cmsy/m/n on input line 43.
LaTeX Font Info:    ... okay on input line 43.
LaTeX Font Info:    Checking defaults for OT1/cmr/m/n on input line 43.
LaTeX Font Info:    ... okay on input line 43.
LaTeX Font Info:    Checking defaults for T1/cmr/m/n on input line 43.
LaTeX Font Info:    ... okay on input line 43.
LaTeX Font Info:    Checking defaults for TS1/cmr/m/n on input line 43.
LaTeX Font Info:    ... okay on input line 43.
LaTeX Font Info:    Checking defaults for OMX/cmex/m/n on input line 43.
LaTeX Font Info:    ... okay on input line 43.
LaTeX Font Info:    Checking defaults for U/cmr/m/n on input line 43.
LaTeX Font Info:    ... okay on input line 43.
LaTeX Font Info:    Checking defaults for PD1/pdf/m/n on input line 43.
LaTeX Font Info:    ... okay on input line 43.
LaTeX Font Info:    Checking defaults for PU/pdf/m/n on input line 43.
LaTeX Font Info:    ... okay on input line 43.

*geometry* driver: auto-detecting
*geometry* detected driver: pdftex
*geometry* verbose mode - [ preamble ] result:
* driver: pdftex
* paper: a4paper
* layout: <same size as paper>
* layoutoffset:(h,v)=(0.0pt,0.0pt)
* modes: 
* h-part:(L,W,R)=(45.80893pt, 505.89pt, 45.80894pt)
* v-part:(T,H,B)=(48.93872pt, 722.7pt, 73.40813pt)
* \paperwidth=597.50787pt
* \paperheight=845.04684pt
* \textwidth=505.89pt
* \textheight=722.7pt
* \oddsidemargin=-26.46106pt
* \evensidemargin=-26.46106pt
* \topmargin=-60.33127pt
* \headheight=12.0pt
* \headsep=25.0pt
* \topskip=12.0pt
* \footskip=30.0pt
* \marginparwidth=35.0pt
* \marginparsep=10.0pt
* \columnsep=10.0pt
* \skip\footins=10.8pt plus 4.0pt minus 2.0pt
* \hoffset=0.0pt
* \voffset=0.0pt
* \mag=1000
* \@twocolumnfalse
* \@twosidefalse
* \@mparswitchfalse
* \@reversemarginfalse
* (1in=72.27pt=25.4mm, 1cm=28.453pt)

(C:\Users\DELL\AppData\Local\Programs\MiKTeX\tex/context/base/mkii\supp-pdf.mkii
[Loading MPS to PDF converter (version 2006.09.02).]
\scratchcounter=\count481
\scratchdimen=\dimen303
\scratchbox=\box93
\nofMPsegments=\count482
\nofMParguments=\count483
\everyMPshowfont=\toks50
\MPscratchCnt=\count484
\MPscratchDim=\dimen304
\MPnumerator=\count485
\makeMPintoPDFobject=\count486
\everyMPtoPDFconversion=\toks51
) (C:\Users\DELL\AppData\Local\Programs\MiKTeX\tex/latex/epstopdf-pkg\epstopdf-base.sty
Package: epstopdf-base 2020-01-24 v2.11 Base part for package epstopdf
Package epstopdf-base Info: Redefining graphics rule for `.eps' on input line 485.
 (C:\Users\DELL\AppData\Local\Programs\MiKTeX\tex/latex/00miktex\epstopdf-sys.cfg
File: epstopdf-sys.cfg 2021/03/18 v2.0 Configuration of epstopdf for MiKTeX
))
Package caption Info: Begin \AtBeginDocument code.
Package caption Info: float package is loaded.
Package caption Info: hyperref package is loaded.
Package caption Info: listings package is loaded.
Package caption Info: End \AtBeginDocument code.
Package hyperref Info: Link coloring ON on input line 43.
 (Chapter1.out) (Chapter1.out)
\@outlinefile=\write6
\openout6 = `Chapter1.out'.

\c@lstlisting=\count487
Package tocbasic Info: omitting babel extension for `lol'
(tocbasic)             because of missing \bbl@set@language on input line 43.
 (C:\Users\DELL\AppData\Local\Programs\MiKTeX\tex/latex/base\inputenc.sty
Package: inputenc 2024/02/08 v1.3d Input encoding file
\inpenc@prehook=\toks52
\inpenc@posthook=\toks53
)
Package biblatex Info: Trying to load language 'english'...
Package biblatex Info: ... file 'english.lbx' found.
 (C:\Users\DELL\AppData\Local\Programs\MiKTeX\tex/latex/biblatex/lbx\english.lbx
File: english.lbx 2024/03/21 v3.20 biblatex localization (PK/MW)
)
Package biblatex Info: Input encoding 'utf8' detected.
Package biblatex Info: Automatic encoding selection.
(biblatex)             Assuming data encoding 'utf8'.
\openout4 = `Chapter1.bcf'.

Package biblatex Info: Trying to load bibliographic data...
Package biblatex Info: ... file 'Chapter1.bbl' found.
 (Chapter1.bbl)
Package biblatex Info: Reference section=0 on input line 43.
Package biblatex Info: Reference segment=0 on input line 43.
 (C:\Users\DELL\AppData\Local\Programs\MiKTeX\tex/latex/pdflscape\pdflscape.sty
Package: pdflscape 2022-10-27 v0.13 Display of landscape pages in PDF
 (C:\Users\DELL\AppData\Local\Programs\MiKTeX\tex/latex/pdflscape\pdflscape-nometadata.sty
Package: pdflscape-nometadata 2022-10-28 v0.13 Display of landscape pages in PDF (HO)
 (C:\Users\DELL\AppData\Local\Programs\MiKTeX\tex/latex/graphics\lscape.sty
Package: lscape 2020/05/28 v3.02 Landscape Pages (DPC)
)
Package pdflscape Info: Auto-detected driver: pdftex on input line 81.
))
<figure/PPU.png, id=254, 602.25pt x 301.125pt>
File: figure/PPU.png Graphic file (type png)
<use figure/PPU.png>
Package pdftex.def Info: figure/PPU.png  used on input line 50.
(pdftex.def)             Requested size: 303.53708pt x 151.77515pt.


[1

{C:/Users/DELL/AppData/Local/MiKTeX/fonts/map/pdftex/pdftex.map} <./figure/PPU.png>]
<Certification2.pdf, id=264, 597.55246pt x 845.07718pt>
File: Certification2.pdf Graphic file (type pdf)
<use Certification2.pdf>
Package pdftex.def Info: Certification2.pdf  used on input line 71.
(pdftex.def)             Requested size: 597.551pt x 845.07512pt.
<Certification2.pdf, id=266, page=1, 597.55246pt x 845.07718pt>
File: Certification2.pdf Graphic file (type pdf)
<use Certification2.pdf, page 1>
Package pdftex.def Info: Certification2.pdf , page1 used on input line 71.
(pdftex.def)             Requested size: 597.551pt x 845.07512pt.
File: Certification2.pdf Graphic file (type pdf)
<use Certification2.pdf, page 1>
Package pdftex.def Info: Certification2.pdf , page1 used on input line 71.
(pdftex.def)             Requested size: 597.57834pt x 845.1138pt.
File: Certification2.pdf Graphic file (type pdf)
<use Certification2.pdf, page 1>
Package pdftex.def Info: Certification2.pdf , page1 used on input line 71.
(pdftex.def)             Requested size: 597.57834pt x 845.1138pt.
File: Certification2.pdf Graphic file (type pdf)
<use Certification2.pdf, page 1>
Package pdftex.def Info: Certification2.pdf , page1 used on input line 71.
(pdftex.def)             Requested size: 597.57834pt x 845.1138pt.



pdfTeX warning (ext4): destination with the same identifier (name{page.i}) has been already used, duplicate ignored
<to be read again> 
                   \relax 
l.71 ]{Certification2.pdf}
                          
File: Certification2.pdf Graphic file (type pdf)
<use Certification2.pdf, page 1>
Package pdftex.def Info: Certification2.pdf , page1 used on input line 71.
(pdftex.def)             Requested size: 597.57834pt x 845.1138pt.
 [1

 <./Certification2.pdf>]
Underfull \hbox (badness 10000) in paragraph at lines 75--76

 []



[2

]
<Abstract (2).pdf, id=307, 614.295pt x 794.97pt>
File: Abstract (2).pdf Graphic file (type pdf)
<use Abstract (2).pdf>
Package pdftex.def Info: Abstract (2).pdf  used on input line 82.
(pdftex.def)             Requested size: 614.29349pt x 794.96806pt.
<Abstract (2).pdf, id=309, page=1, 614.295pt x 794.97pt>
File: Abstract (2).pdf Graphic file (type pdf)
<use Abstract (2).pdf, page 1>
Package pdftex.def Info: Abstract (2).pdf , page1 used on input line 82.
(pdftex.def)             Requested size: 614.29349pt x 794.96806pt.
File: Abstract (2).pdf Graphic file (type pdf)
<use Abstract (2).pdf, page 1>
Package pdftex.def Info: Abstract (2).pdf , page1 used on input line 82.
(pdftex.def)             Requested size: 597.78697pt x 773.60669pt.
File: Abstract (2).pdf Graphic file (type pdf)
<use Abstract (2).pdf, page 1>
Package pdftex.def Info: Abstract (2).pdf , page1 used on input line 82.
(pdftex.def)             Requested size: 597.78697pt x 773.60669pt.
File: Abstract (2).pdf Graphic file (type pdf)
<use Abstract (2).pdf, page 1>
Package pdftex.def Info: Abstract (2).pdf , page1 used on input line 82.
(pdftex.def)             Requested size: 597.78697pt x 773.60669pt.


File: Abstract (2).pdf Graphic file (type pdf)
<use Abstract (2).pdf, page 1>
Package pdftex.def Info: Abstract (2).pdf , page1 used on input line 82.
(pdftex.def)             Requested size: 597.78697pt x 773.60669pt.
[3

 <./Abstract (2).pdf>]

[4

] (Chapter1.toc

[5

])
\tf@toc=\write7
\openout7 = `Chapter1.toc'.



[6] (Chapter1.lof)
\tf@lof=\write8
\openout8 = `Chapter1.lof'.



[7


] (Chapter1.lot)
\tf@lot=\write9
\openout9 = `Chapter1.lot'.



[8


] (Chapter1.nls

[9


])

[10]
Chapter 1.


[1



]

[2]
<figure/sysdesc.jpeg, id=509, 588.1975pt x 334.24875pt>
File: figure/sysdesc.jpeg Graphic file (type jpg)
<use figure/sysdesc.jpeg>
Package pdftex.def Info: figure/sysdesc.jpeg  used on input line 232.
(pdftex.def)             Requested size: 303.53708pt x 172.48938pt.


[3]

[4 <./figure/sysdesc.jpeg>]

[5]
Chapter 2.

Underfull \hbox (badness 10000) in paragraph at lines 329--330

 []



[6

]
Underfull \hbox (badness 10000) in paragraph at lines 331--337

 []


LaTeX Warning: `h' float specifier changed to `ht'.



[7

]

[8]
Underfull \hbox (badness 10000) in paragraph at lines 407--407
[]|\OT1/cmr/bx/n/12 Over-
 []


Underfull \hbox (badness 10000) in paragraph at lines 422--423
[]\OT1/cmr/m/n/12 Gradual tex-ture
 []


Underfull \hbox (badness 1342) in paragraph at lines 422--423
\OT1/cmr/m/n/12 ex-po-sure us-ing soft
 []


Underfull \hbox (badness 10000) in paragraph at lines 425--425
[]|\OT1/cmr/bx/n/12 Under-
 []


Underfull \hbox (badness 10000) in paragraph at lines 429--430
[]\OT1/cmr/m/n/12 Chews on non-food
 []


Underfull \hbox (badness 1558) in paragraph at lines 435--436
[]\OT1/cmr/m/n/12 Loves heavy blan-
 []


Underfull \hbox (badness 6893) in paragraph at lines 443--443
[]|\OT1/cmr/bx/n/12 Sensory Seek-
 []


Underfull \hbox (badness 10000) in paragraph at lines 447--448
[]\OT1/cmr/m/n/12 Enjoys spin-ning or
 []


Underfull \hbox (badness 1946) in paragraph at lines 450--451
[]\OT1/cmr/m/n/12 Touches walls fre-
 []


Underfull \hbox (badness 10000) in paragraph at lines 456--457
[]\OT1/cmr/m/n/12 Integrate vi-bra-tion
 []


Underfull \hbox (badness 2221) in paragraph at lines 457--458
[]\OT1/cmr/m/n/12 Include sen-sory in-
 []



[9]
Underfull \hbox (badness 10000) in paragraph at lines 467--468

 []


Underfull \hbox (badness 10000) in paragraph at lines 469--470

 []


Underfull \hbox (badness 10000) in paragraph at lines 474--475

 []


Underfull \hbox (badness 10000) in paragraph at lines 476--477

 []



[10]
Underfull \hbox (badness 10000) in paragraph at lines 481--482

 []


Underfull \hbox (badness 10000) in paragraph at lines 483--484

 []



[11]
Overfull \hbox (11.75403pt too wide) in paragraph at lines 498--557
 [][] 
 []



[12

]

[13]
Chapter 3.


[14

]
<figure/esp32-c3-zero-1.jpg, id=604, 803.0pt x 803.0pt>
File: figure/esp32-c3-zero-1.jpg Graphic file (type jpg)
<use figure/esp32-c3-zero-1.jpg>
Package pdftex.def Info: figure/esp32-c3-zero-1.jpg  used on input line 592.
(pdftex.def)             Requested size: 71.13188pt x 71.12737pt.
<figure/lily.jpg, id=605, 1027.84pt x 770.88pt>
File: figure/lily.jpg Graphic file (type jpg)
<use figure/lily.jpg>
Package pdftex.def Info: figure/lily.jpg  used on input line 593.
(pdftex.def)             Requested size: 71.13188pt x 53.34369pt.

Overfull \hbox (2.7765pt too wide) in paragraph at lines 611--611
 [] 
 []



[15

 <./figure/esp32-c3-zero-1.jpg> <./figure/lily.jpg>]
<figure/Grove GSR.jpg, id=622, 702.625pt x 526.96875pt>
File: figure/Grove GSR.jpg Graphic file (type jpg)
<use figure/Grove GSR.jpg>
Package pdftex.def Info: figure/Grove GSR.jpg  used on input line 658.
(pdftex.def)             Requested size: 71.13188pt x 53.34323pt.
<figure/Shimmer3-GSR.jpg, id=623, 903.375pt x 903.375pt>
File: figure/Shimmer3-GSR.jpg Graphic file (type jpg)
<use figure/Shimmer3-GSR.jpg>
Package pdftex.def Info: figure/Shimmer3-GSR.jpg  used on input line 659.
(pdftex.def)             Requested size: 71.13188pt x 71.12737pt.


[16

 <./figure/Grove GSR.jpg> <./figure/Shimmer3-GSR.jpg>]
<figure/MAX30102.jpg, id=633, 467.7475pt x 467.7475pt>
File: figure/MAX30102.jpg Graphic file (type jpg)
<use figure/MAX30102.jpg>
Package pdftex.def Info: figure/MAX30102.jpg  used on input line 709.
(pdftex.def)             Requested size: 71.13188pt x 71.12976pt.
<figure/pulse sensor.jpeg, id=634, 225.84375pt x 225.84375pt>
File: figure/pulse sensor.jpeg Graphic file (type jpg)
<use figure/pulse sensor.jpeg>
Package pdftex.def Info: figure/pulse sensor.jpeg  used on input line 710.
(pdftex.def)             Requested size: 71.13188pt x 71.13081pt.


[17

 <./figure/MAX30102.jpg> <./figure/pulse sensor.jpeg>]
<figure/MPU6050.png, id=645, 284.56313pt x 211.54031pt>
File: figure/MPU6050.png Graphic file (type png)
<use figure/MPU6050.png>
Package pdftex.def Info: figure/MPU6050.png  used on input line 774.
(pdftex.def)             Requested size: 71.13188pt x 52.87848pt.
<figure/adxl335.jpg, id=646, 501.875pt x 501.875pt>
File: figure/adxl335.jpg Graphic file (type jpg)
<use figure/adxl335.jpg>
Package pdftex.def Info: figure/adxl335.jpg  used on input line 775.
(pdftex.def)             Requested size: 71.13188pt x 71.12737pt.


[18

 <./figure/MPU6050.png> <./figure/adxl335.jpg>]
<figure/neopixel.jpeg, id=657, 1502.61375pt x 1606.0pt>
File: figure/neopixel.jpeg Graphic file (type jpg)
<use figure/neopixel.jpeg>
Package pdftex.def Info: figure/neopixel.jpeg  used on input line 823.
(pdftex.def)             Requested size: 71.13188pt x 76.01622pt.
<figure/APA102-RGB-LED.jpg, id=658, 752.8125pt x 501.875pt>
File: figure/APA102-RGB-LED.jpg Graphic file (type jpg)
<use figure/APA102-RGB-LED.jpg>
Package pdftex.def Info: figure/APA102-RGB-LED.jpg  used on input line 824.
(pdftex.def)             Requested size: 71.13188pt x 47.41824pt.


[19

 <./figure/neopixel.jpeg> <./figure/APA102-RGB-LED.jpg>]
<figure/rp3.png, id=669, 1053.9375pt x 790.45313pt>
File: figure/rp3.png Graphic file (type png)
<use figure/rp3.png>
Package pdftex.def Info: figure/rp3.png  used on input line 880.
(pdftex.def)             Requested size: 71.13188pt x 53.34724pt.
<figure/Nvivid.jpg, id=670, 1204.5pt x 1204.5pt>
File: figure/Nvivid.jpg Graphic file (type jpg)
<use figure/Nvivid.jpg>
Package pdftex.def Info: figure/Nvivid.jpg  used on input line 881.
(pdftex.def)             Requested size: 71.13188pt x 71.12737pt.


[20

 <./figure/rp3.png> <./figure/Nvivid.jpg>]
<figure/hdmi.jpg, id=685, 278.03876pt x 182.6825pt>
File: figure/hdmi.jpg Graphic file (type jpg)
<use figure/hdmi.jpg>
Package pdftex.def Info: figure/hdmi.jpg  used on input line 940.
(pdftex.def)             Requested size: 71.13188pt x 46.73534pt.
<figure/TFT.jpg, id=686, 301.125pt x 301.125pt>
File: figure/TFT.jpg Graphic file (type jpg)
<use figure/TFT.jpg>
Package pdftex.def Info: figure/TFT.jpg  used on input line 941.
(pdftex.def)             Requested size: 71.13188pt x 71.13196pt.

Underfull \hbox (badness 10000) in paragraph at lines 987--988

 []



[21

 <./figure/hdmi.jpg> <./figure/TFT.jpg>]
<figure/USB speaker.jpg, id=694, 501.875pt x 501.875pt>
File: figure/USB speaker.jpg Graphic file (type jpg)
<use figure/USB speaker.jpg>
Package pdftex.def Info: figure/USB speaker.jpg  used on input line 1007.
(pdftex.def)             Requested size: 71.13188pt x 71.12737pt.
<figure/blespeaker.jpeg, id=695, 803.0pt x 803.0pt>
File: figure/blespeaker.jpeg Graphic file (type jpg)
<use figure/blespeaker.jpeg>
Package pdftex.def Info: figure/blespeaker.jpeg  used on input line 1008.
(pdftex.def)             Requested size: 71.13188pt x 71.12737pt.


[22

 <./figure/USB speaker.jpg> <./figure/blespeaker.jpeg>]

[23]
<figure/conceptual diagram2.jpg, id=715, 773.89125pt x 372.64218pt>
File: figure/conceptual diagram2.jpg Graphic file (type jpg)
<use figure/conceptual diagram2.jpg>
Package pdftex.def Info: figure/conceptual diagram2.jpg  used on input line 1138.
(pdftex.def)             Requested size: 354.12144pt x 170.5134pt.


LaTeX Warning: `h' float specifier changed to `ht'.

<figure/bdd5.jpg, id=716, 914.41624pt x 544.0325pt>
File: figure/bdd5.jpg Graphic file (type jpg)
<use figure/bdd5.jpg>
Package pdftex.def Info: figure/bdd5.jpg  used on input line 1146.
(pdftex.def)             Requested size: 505.89pt x 300.97867pt.

LaTeX Warning: `h' float specifier changed to `ht'.



[24

]

[25 <./figure/conceptual diagram2.jpg> <./figure/bdd5.jpg>]

[26

]
Overfull \vbox (183.73076pt too high) has occurred while \output is active []



[27]

[28]
Underfull \hbox (badness 10000) in paragraph at lines 1238--1239

 []

<figure/sequance1.png, id=741, 914.66719pt x 490.83376pt>
File: figure/sequance1.png Graphic file (type png)
<use figure/sequance1.png>
Package pdftex.def Info: figure/sequance1.png  used on input line 1243.
(pdftex.def)             Requested size: 505.88776pt x 271.47227pt.
<figure/schemwearable.png, id=742, 746.79pt x 495.35063pt>
File: figure/schemwearable.png Graphic file (type png)
<use figure/schemwearable.png>
Package pdftex.def Info: figure/schemwearable.png  used on input line 1254.
(pdftex.def)             Requested size: 354.11359pt x 234.88583pt.


[29

 <./figure/sequance1.png>]
<figure/schemscreen.png, id=748, 562.35094pt x 612.03656pt>
File: figure/schemscreen.png Graphic file (type png)
<use figure/schemscreen.png>
Package pdftex.def Info: figure/schemscreen.png  used on input line 1262.
(pdftex.def)             Requested size: 298.80826pt x 325.209pt.


[30 <./figure/schemwearable.png> <./figure/schemscreen.png>]

[31]
Chapter 4.


[32

]
<figure/wearabledesign.png, id=765, 287.57437pt x 256.70906pt>
File: figure/wearabledesign.png Graphic file (type png)
<use figure/wearabledesign.png>
Package pdftex.def Info: figure/wearabledesign.png  used on input line 1287.
(pdftex.def)             Requested size: 143.4314pt x 128.0374pt.
<figure/interactivescreendesign2.jpeg, id=766, 1082.0425pt x 645.41125pt>
File: figure/interactivescreendesign2.jpeg Graphic file (type jpg)
<use figure/interactivescreendesign2.jpeg>
Package pdftex.def Info: figure/interactivescreendesign2.jpeg  used on input line 1294.
(pdftex.def)             Requested size: 214.65454pt x 128.0374pt.

Overfull \hbox (2.18167pt too wide) in paragraph at lines 1294--1295
 [][] 
 []



[33

 <./figure/wearabledesign.png> <./figure/interactivescreendesign2.jpeg>]
Underfull \hbox (badness 10000) in paragraph at lines 1353--1354

 []



[34]
Underfull \hbox (badness 10000) in paragraph at lines 1371--1373

 []


Underfull \hbox (badness 10000) in paragraph at lines 1396--1397

 []



[35]
<figure/codehrbuffer.png, id=798, 728.7225pt x 445.665pt>
File: figure/codehrbuffer.png Graphic file (type png)
<use figure/codehrbuffer.png>
Package pdftex.def Info: figure/codehrbuffer.png  used on input line 1408.
(pdftex.def)             Requested size: 187.09494pt x 91.0454pt.
<figure/codegsr.png, id=800, 1439.3775pt x 369.38pt>
File: figure/codegsr.png Graphic file (type png)
<use figure/codegsr.png>
Package pdftex.def Info: figure/codegsr.png  used on input line 1416.
(pdftex.def)             Requested size: 278.22859pt x 53.80075pt.
<figure/codehrratio.png, id=802, 1192.455pt x 445.665pt>
File: figure/codehrratio.png Graphic file (type png)
<use figure/codehrratio.png>
Package pdftex.def Info: figure/codehrratio.png  used on input line 1427.
(pdftex.def)             Requested size: 278.24367pt x 82.74493pt.

Underfull \hbox (badness 10000) in paragraph at lines 1437--1438

 []



[36 <./figure/codehrbuffer.png> <./figure/codegsr.png> <./figure/codehrratio.png>]
Underfull \hbox (badness 10000) in paragraph at lines 1448--1449

 []



[37]
Overfull \hbox (2.68388pt too wide) in paragraph at lines 1495--1496
[]\OT1/cmr/m/n/12 guided breath-ing se-quence us-ing im-ages (flow-er/-can-dle) syn-chro-nized with short voice prompts. 
 []


Underfull \hbox (badness 10000) in paragraph at lines 1507--1510

 []



[38]
<figure/app2.jpeg, id=847, 1156.32pt x 904.37875pt>
File: figure/app2.jpeg Graphic file (type jpg)
<use figure/app2.jpeg>
Package pdftex.def Info: figure/app2.jpeg  used on input line 1520.
(pdftex.def)             Requested size: 303.53708pt x 237.39607pt.
<figure/telegram.drawio.png, id=849, 949.5475pt x 2055.68pt>
File: figure/telegram.drawio.png Graphic file (type png)
<use figure/telegram.drawio.png>
Package pdftex.def Info: figure/telegram.drawio.png  used on input line 1533.
(pdftex.def)             Requested size: 166.91223pt x 361.34999pt.


[39 <./figure/app2.jpeg>]

[40 <./figure/telegram.drawio.png>]

[41]
Chapter 5.


[42

]
<figure/motionvaluse.jpeg, id=874, 559.08875pt x 120.45pt>
File: figure/motionvaluse.jpeg Graphic file (type jpg)
<use figure/motionvaluse.jpeg>
Package pdftex.def Info: figure/motionvaluse.jpeg  used on input line 1581.
(pdftex.def)             Requested size: 430.00958pt x 92.64384pt.


[43 <./figure/motionvaluse.jpeg>]
<figure/neopixelallled.jpeg, id=883, 1421.31pt x 1496.59125pt>
File: figure/neopixelallled.jpeg Graphic file (type jpg)
<use figure/neopixelallled.jpeg>
Package pdftex.def Info: figure/neopixelallled.jpeg  used on input line 1597.
(pdftex.def)             Requested size: 108.06839pt x 113.81102pt.
<figure/neopixelorange.jpeg, id=884, 1460.45625pt x 1491.5725pt>
File: figure/neopixelorange.jpeg Graphic file (type jpg)
<use figure/neopixelorange.jpeg>
Package pdftex.def Info: figure/neopixelorange.jpeg  used on input line 1604.
(pdftex.def)             Requested size: 111.42369pt x 113.81102pt.
<figure/neopixellastmin.jpeg, id=885, 1342.01375pt x 1606.0pt>
File: figure/neopixellastmin.jpeg Graphic file (type jpg)
<use figure/neopixellastmin.jpeg>
Package pdftex.def Info: figure/neopixellastmin.jpeg  used on input line 1611.
(pdftex.def)             Requested size: 95.09729pt x 113.81102pt.

Underfull \hbox (badness 10000) in paragraph at lines 1624--1625

 []

<figure/Therapist Control.jpeg, id=887, 759.83875pt x 1052.93375pt>
File: figure/Therapist Control.jpeg Graphic file (type jpg)
<use figure/Therapist Control.jpeg>
Package pdftex.def Info: figure/Therapist Control.jpeg  used on input line 1633.
(pdftex.def)             Requested size: 247.88887pt x 343.5008pt.
<figure/coloring.jpeg, id=888, 1541.76pt x 2055.68pt>
File: figure/coloring.jpeg Graphic file (type jpg)
<use figure/coloring.jpeg>
Package pdftex.def Info: figure/coloring.jpeg  used on input line 1640.
(pdftex.def)             Requested size: 247.88887pt x 330.51524pt.


[44

 <./figure/neopixelallled.jpeg> <./figure/neopixelorange.jpeg> <./figure/neopixellastmin.jpeg>]

[45 <./figure/Therapist Control.jpeg> <./figure/coloring.jpeg>]
<figure/telegrambotnotification.jpeg, id=903, 1246.6575pt x 741.77126pt>
File: figure/telegrambotnotification.jpeg Graphic file (type jpg)
<use figure/telegrambotnotification.jpeg>
Package pdftex.def Info: figure/telegrambotnotification.jpeg  used on input line 1663.
(pdftex.def)             Requested size: 215.18181pt x 128.0374pt.

Underfull \hbox (badness 10000) in paragraph at lines 1675--1677

 []



[46 <./figure/telegrambotnotification.jpeg>]

[47

]

[48]
Underfull \hbox (badness 10000) in paragraph at lines 1813--1813
[]|\OT1/cmr/m/n/12 Display real-time sen-sor
 []


Underfull \hbox (badness 1152) in paragraph at lines 1829--1829
[]|\OT1/cmr/m/n/12 Connect to Rasp-berry Pi
 []



[49

]
Chapter 6.

Underfull \hbox (badness 10000) in paragraph at lines 1856--1857

 []

<appendixapp.pdf, id=924, 614.295pt x 794.97pt>
File: appendixapp.pdf Graphic file (type pdf)
<use appendixapp.pdf>
Package pdftex.def Info: appendixapp.pdf  used on input line 1876.
(pdftex.def)             Requested size: 614.29349pt x 794.96806pt.
<appendixapp.pdf, id=926, page=1, 614.295pt x 794.97pt>
File: appendixapp.pdf Graphic file (type pdf)
<use appendixapp.pdf, page 1>
Package pdftex.def Info: appendixapp.pdf , page1 used on input line 1876.
(pdftex.def)             Requested size: 614.29349pt x 794.96806pt.
File: appendixapp.pdf Graphic file (type pdf)
<use appendixapp.pdf, page 1>
Package pdftex.def Info: appendixapp.pdf , page1 used on input line 1876.
(pdftex.def)             Requested size: 597.78697pt x 773.60669pt.


[50

]
File: appendixapp.pdf Graphic file (type pdf)
<use appendixapp.pdf, page 1>
Package pdftex.def Info: appendixapp.pdf , page1 used on input line 1876.
(pdftex.def)             Requested size: 597.78697pt x 773.60669pt.
File: appendixapp.pdf Graphic file (type pdf)
<use appendixapp.pdf, page 1>
Package pdftex.def Info: appendixapp.pdf , page1 used on input line 1876.
(pdftex.def)             Requested size: 597.78697pt x 773.60669pt.


File: appendixapp.pdf Graphic file (type pdf)
<use appendixapp.pdf, page 1>
Package pdftex.def Info: appendixapp.pdf , page1 used on input line 1876.
(pdftex.def)             Requested size: 597.78697pt x 773.60669pt.
[51

 <./appendixapp.pdf>]
File: appendixapp.pdf Graphic file (type pdf)
<use appendixapp.pdf>
Package pdftex.def Info: appendixapp.pdf  used on input line 1882.
(pdftex.def)             Requested size: 614.29349pt x 794.96806pt.
<appendixapp.pdf, id=946, page=2, 614.295pt x 794.97pt>
File: appendixapp.pdf Graphic file (type pdf)
<use appendixapp.pdf, page 2>
Package pdftex.def Info: appendixapp.pdf , page2 used on input line 1882.
(pdftex.def)             Requested size: 614.29349pt x 794.96806pt.
File: appendixapp.pdf Graphic file (type pdf)
<use appendixapp.pdf, page 2>
Package pdftex.def Info: appendixapp.pdf , page2 used on input line 1882.
(pdftex.def)             Requested size: 597.78697pt x 773.60669pt.
File: appendixapp.pdf Graphic file (type pdf)
<use appendixapp.pdf, page 2>
Package pdftex.def Info: appendixapp.pdf , page2 used on input line 1882.
(pdftex.def)             Requested size: 597.78697pt x 773.60669pt.
File: appendixapp.pdf Graphic file (type pdf)
<use appendixapp.pdf, page 2>
Package pdftex.def Info: appendixapp.pdf , page2 used on input line 1882.
(pdftex.def)             Requested size: 597.78697pt x 773.60669pt.


File: appendixapp.pdf Graphic file (type pdf)
<use appendixapp.pdf, page 2>
Package pdftex.def Info: appendixapp.pdf , page2 used on input line 1882.
(pdftex.def)             Requested size: 597.78697pt x 773.60669pt.
[52

 <./appendixapp.pdf>]
<appendixapp.pdf, id=952, page=3, 614.295pt x 794.97pt>
File: appendixapp.pdf Graphic file (type pdf)
<use appendixapp.pdf, page 3>
Package pdftex.def Info: appendixapp.pdf , page3 used on input line 1882.
(pdftex.def)             Requested size: 597.78697pt x 773.60669pt.
File: appendixapp.pdf Graphic file (type pdf)
<use appendixapp.pdf, page 3>
Package pdftex.def Info: appendixapp.pdf , page3 used on input line 1882.
(pdftex.def)             Requested size: 597.78697pt x 773.60669pt.


File: appendixapp.pdf Graphic file (type pdf)
<use appendixapp.pdf, page 3>
Package pdftex.def Info: appendixapp.pdf , page3 used on input line 1882.
(pdftex.def)             Requested size: 597.78697pt x 773.60669pt.
[53

 <./appendixapp.pdf>]
<appendixapp.pdf, id=958, page=4, 614.295pt x 794.97pt>
File: appendixapp.pdf Graphic file (type pdf)
<use appendixapp.pdf, page 4>
Package pdftex.def Info: appendixapp.pdf , page4 used on input line 1882.
(pdftex.def)             Requested size: 597.78697pt x 773.60669pt.
File: appendixapp.pdf Graphic file (type pdf)
<use appendixapp.pdf, page 4>
Package pdftex.def Info: appendixapp.pdf , page4 used on input line 1882.
(pdftex.def)             Requested size: 597.78697pt x 773.60669pt.


File: appendixapp.pdf Graphic file (type pdf)
<use appendixapp.pdf, page 4>
Package pdftex.def Info: appendixapp.pdf , page4 used on input line 1882.
(pdftex.def)             Requested size: 597.78697pt x 773.60669pt.
[54

 <./appendixapp.pdf>]

pdfTeX warning: pdflatex (file ./appendixai.pdf): PDF inclusion: found PDF version <1.7>, but at most version <1.5> allowed
<appendixai.pdf, id=964, 597.53236pt x 845.05714pt>
File: appendixai.pdf Graphic file (type pdf)
<use appendixai.pdf>
Package pdftex.def Info: appendixai.pdf  used on input line 1892.
(pdftex.def)             Requested size: 597.5309pt x 845.05507pt.


pdfTeX warning: pdflatex (file ./appendixai.pdf): PDF inclusion: found PDF version <1.7>, but at most version <1.5> allowed


pdfTeX warning: pdflatex (file ./appendixai.pdf): PDF inclusion: found PDF version <1.7>, but at most version <1.5> allowed
<appendixai.pdf, id=966, page=1, 597.53236pt x 845.05714pt>
File: appendixai.pdf Graphic file (type pdf)
<use appendixai.pdf, page 1>
Package pdftex.def Info: appendixai.pdf , page1 used on input line 1892.
(pdftex.def)             Requested size: 597.5309pt x 845.05507pt.
File: appendixai.pdf Graphic file (type pdf)
<use appendixai.pdf, page 1>
Package pdftex.def Info: appendixai.pdf , page1 used on input line 1892.
(pdftex.def)             Requested size: 597.55824pt x 845.09375pt.
File: appendixai.pdf Graphic file (type pdf)
<use appendixai.pdf, page 1>
Package pdftex.def Info: appendixai.pdf , page1 used on input line 1892.
(pdftex.def)             Requested size: 597.55824pt x 845.09375pt.
File: appendixai.pdf Graphic file (type pdf)
<use appendixai.pdf, page 1>
Package pdftex.def Info: appendixai.pdf , page1 used on input line 1892.
(pdftex.def)             Requested size: 597.55824pt x 845.09375pt.


File: appendixai.pdf Graphic file (type pdf)
<use appendixai.pdf, page 1>
Package pdftex.def Info: appendixai.pdf , page1 used on input line 1892.
(pdftex.def)             Requested size: 597.55824pt x 845.09375pt.
[55

 <./appendixai.pdf>]
File: appendixai.pdf Graphic file (type pdf)
<use appendixai.pdf>
Package pdftex.def Info: appendixai.pdf  used on input line 1898.
(pdftex.def)             Requested size: 597.5309pt x 845.05507pt.


pdfTeX warning: pdflatex (file ./appendixai.pdf): PDF inclusion: found PDF version <1.7>, but at most version <1.5> allowed


pdfTeX warning: pdflatex (file ./appendixai.pdf): PDF inclusion: found PDF version <1.7>, but at most version <1.5> allowed
<appendixai.pdf, id=986, page=2, 597.53236pt x 845.05714pt>
File: appendixai.pdf Graphic file (type pdf)
<use appendixai.pdf, page 2>
Package pdftex.def Info: appendixai.pdf , page2 used on input line 1898.
(pdftex.def)             Requested size: 597.5309pt x 845.05507pt.
File: appendixai.pdf Graphic file (type pdf)
<use appendixai.pdf, page 2>
Package pdftex.def Info: appendixai.pdf , page2 used on input line 1898.
(pdftex.def)             Requested size: 597.55824pt x 845.09375pt.
File: appendixai.pdf Graphic file (type pdf)
<use appendixai.pdf, page 2>
Package pdftex.def Info: appendixai.pdf , page2 used on input line 1898.
(pdftex.def)             Requested size: 597.55824pt x 845.09375pt.
File: appendixai.pdf Graphic file (type pdf)
<use appendixai.pdf, page 2>
Package pdftex.def Info: appendixai.pdf , page2 used on input line 1898.
(pdftex.def)             Requested size: 597.55824pt x 845.09375pt.


File: appendixai.pdf Graphic file (type pdf)
<use appendixai.pdf, page 2>
Package pdftex.def Info: appendixai.pdf , page2 used on input line 1898.
(pdftex.def)             Requested size: 597.55824pt x 845.09375pt.
[56

 <./appendixai.pdf>]

pdfTeX warning: pdflatex (file ./appendixai.pdf): PDF inclusion: found PDF version <1.7>, but at most version <1.5> allowed
<appendixai.pdf, id=992, page=3, 597.53236pt x 845.05714pt>
File: appendixai.pdf Graphic file (type pdf)
<use appendixai.pdf, page 3>
Package pdftex.def Info: appendixai.pdf , page3 used on input line 1898.
(pdftex.def)             Requested size: 597.55824pt x 845.09375pt.
File: appendixai.pdf Graphic file (type pdf)
<use appendixai.pdf, page 3>
Package pdftex.def Info: appendixai.pdf , page3 used on input line 1898.
(pdftex.def)             Requested size: 597.55824pt x 845.09375pt.


File: appendixai.pdf Graphic file (type pdf)
<use appendixai.pdf, page 3>
Package pdftex.def Info: appendixai.pdf , page3 used on input line 1898.
(pdftex.def)             Requested size: 597.55824pt x 845.09375pt.
[57

 <./appendixai.pdf>]

pdfTeX warning: pdflatex (file ./appendixai.pdf): PDF inclusion: found PDF version <1.7>, but at most version <1.5> allowed
<appendixai.pdf, id=997, page=4, 597.53236pt x 845.05714pt>
File: appendixai.pdf Graphic file (type pdf)
<use appendixai.pdf, page 4>
Package pdftex.def Info: appendixai.pdf , page4 used on input line 1898.
(pdftex.def)             Requested size: 597.55824pt x 845.09375pt.
File: appendixai.pdf Graphic file (type pdf)
<use appendixai.pdf, page 4>
Package pdftex.def Info: appendixai.pdf , page4 used on input line 1898.
(pdftex.def)             Requested size: 597.55824pt x 845.09375pt.


File: appendixai.pdf Graphic file (type pdf)
<use appendixai.pdf, page 4>
Package pdftex.def Info: appendixai.pdf , page4 used on input line 1898.
(pdftex.def)             Requested size: 597.55824pt x 845.09375pt.
[58

 <./appendixai.pdf>]
Overfull \hbox (78.64171pt too wide) in paragraph at lines 1900--1900
[]\OT1/cmr/m/n/12 Special Ed-u-ca-tion Guide, \OT1/cmr/m/it/12 The def-i-ni-tion of autism un-der idea part c\OT1/cmr/m/n/12 , [][]$\OT1/cmtt/m/n/12 https : / / www . specialeducationguide .
 []



[59

]
Overfull \hbox (6.28423pt too wide) in paragraph at lines 1900--1900
[]\OT1/cmr/m/n/12 NVIDIA Cor-po-ra-tion, \OT1/cmr/m/it/12 Jet-son nano de-vel-oper kit\OT1/cmr/m/n/12 , [][]$\OT1/cmtt/m/n/12 https : / / developer . nvidia . com / embedded /
 []


Overfull \hbox (4.4353pt too wide) in paragraph at lines 1900--1900
[]\OT1/cmr/m/n/12 Amazon.com, \OT1/cmr/m/it/12 Rasp-berry pi 7-inch touch-screen dis-play\OT1/cmr/m/n/12 , [][]$\OT1/cmtt/m/n/12 https : / / www . amazon . com / raspberry -[]
 []


Overfull \hbox (18.86406pt too wide) in paragraph at lines 1900--1900
[]\OT1/cmr/m/n/12 Robotistan, \OT1/cmr/m/it/12 Od-seven mini ex-ter-nal usb stereo speaker for rasp-berry pi\OT1/cmr/m/n/12 , [][]$\OT1/cmtt/m/n/12 https : / / www . robotistan .
 []



[60]
Overfull \hbox (81.86278pt too wide) in paragraph at lines 1900--1900
\OT1/cmr/m/n/12 nich, 2013. [On-line]. Avail-able: [][]$\OT1/cmtt/m/n/12 https : / / mediatum . ub . tum . de / doc / 1773496 / rg9n76ixczyroe1gbb2921t7y .
 []



[61] (Chapter1.aux)
 ***********
LaTeX2e <2024-11-01> patch level 2
L3 programming layer <2025-01-18>
 ***********


LaTeX Warning: There were multiply-defined labels.

Package rerunfilecheck Info: File `Chapter1.out' has not changed.
(rerunfilecheck)             Checksum: 15DB51FA2202286D60EC4E49F62B4FBA;11014.
Package logreq Info: Writing requests to 'Chapter1.run.xml'.
\openout1 = `Chapter1.run.xml'.

 ) 
Here is how much of TeX's memory you used:
 37636 strings out of 473523
 734076 string characters out of 5715114
 1565677 words of memory out of 5000000
 60036 multiletter control sequences out of 15000+600000
 568450 words of font info for 69 fonts, out of 8000000 for 9000
 1141 hyphenation exceptions out of 8191
 110i,19n,107p,1348b,1678s stack positions out of 10000i,1000n,20000p,200000b,200000s
 <C:\Users\DELL\AppData\Local\MiKTeX\fonts/pk/ljfour/jknappen/ec/dpi600\tcrm1095.pk> <C:\Users\DELL\AppData\Local\MiKTeX\fonts/pk/ljfour/jknappen/ec/dpi600\tcrm1200.pk><C:/Users/DELL/AppData/Local/Programs/MiKTeX/fonts/type1/public/amsfonts/cm/cmbx10.pfb><C:/Users/DELL/AppData/Local/Programs/MiKTeX/fonts/type1/public/amsfonts/cm/cmbx12.pfb><C:/Users/DELL/AppData/Local/Programs/MiKTeX/fonts/type1/public/amsfonts/cm/cmcsc10.pfb><C:/Users/DELL/AppData/Local/Programs/MiKTeX/fonts/type1/public/amsfonts/cm/cmmi12.pfb><C:/Users/DELL/AppData/Local/Programs/MiKTeX/fonts/type1/public/amsfonts/cm/cmmi8.pfb><C:/Users/DELL/AppData/Local/Programs/MiKTeX/fonts/type1/public/amsfonts/cm/cmr10.pfb><C:/Users/DELL/AppData/Local/Programs/MiKTeX/fonts/type1/public/amsfonts/cm/cmr12.pfb><C:/Users/DELL/AppData/Local/Programs/MiKTeX/fonts/type1/public/amsfonts/cm/cmr8.pfb><C:/Users/DELL/AppData/Local/Programs/MiKTeX/fonts/type1/public/amsfonts/cm/cmsy10.pfb><C:/Users/DELL/AppData/Local/Programs/MiKTeX/fonts/type1/public/amsfonts/cm/cmsy8.pfb><C:/Users/DELL/AppData/Local/Programs/MiKTeX/fonts/type1/public/amsfonts/cm/cmti12.pfb><C:/Users/DELL/AppData/Local/Programs/MiKTeX/fonts/type1/public/amsfonts/cm/cmtt10.pfb><C:/Users/DELL/AppData/Local/Programs/MiKTeX/fonts/type1/public/amsfonts/cm/cmtt12.pfb>
Output written on Chapter1.pdf (72 pages, 6785296 bytes).
PDF statistics:
 1214 PDF objects out of 1440 (max. 8388607)
 284 named destinations out of 1000 (max. 500000)
 812 words of extra memory for PDF output out of 10000 (max. 10000000)

